[33mStarting up http-server, serving [39m[36m./[39m[33m
Available on:[39m
[32m  http://127.0.0.1:9000[39m
[32m  http://192.168.31.172:9000[39m
Hit CTRL-C to stop the server
[Thu Feb 25 2016 10:46:19 GMT+0800 (CST)] "[36mGET[39m [36m/css/bootstrap.min.css[39m" "Mozilla/5.0 (X11; Linux x86_64) AppleWebKit/537.36 (KHTML, like Gecko) Chrome/48.0.2564.116 Safari/537.36"
[Thu Feb 25 2016 10:46:19 GMT+0800 (CST)] "[36mGET[39m [36m/js/jquery-1.12.1.min.js[39m" "Mozilla/5.0 (X11; Linux x86_64) AppleWebKit/537.36 (KHTML, like Gecko) Chrome/48.0.2564.116 Safari/537.36"
[Thu Feb 25 2016 10:46:19 GMT+0800 (CST)] "[36mGET[39m [36m/js/bootstrap.min.js[39m" "Mozilla/5.0 (X11; Linux x86_64) AppleWebKit/537.36 (KHTML, like Gecko) Chrome/48.0.2564.116 Safari/537.36"
[Thu Feb 25 2016 22:40:28 GMT+0800 (CST)] "[36mGET[39m [36m/css/main.css[39m" "Mozilla/5.0 (X11; Linux x86_64) AppleWebKit/537.36 (KHTML, like Gecko) Chrome/48.0.2564.116 Safari/537.36"
[Thu Feb 25 2016 22:43:32 GMT+0800 (CST)] "[36mGET[39m [36m/css/main.css[39m" "Mozilla/5.0 (X11; Linux x86_64) AppleWebKit/537.36 (KHTML, like Gecko) Chrome/48.0.2564.116 Safari/537.36"
[Thu Feb 25 2016 22:46:00 GMT+0800 (CST)] "[36mGET[39m [36m/css/bootstrap.min.css[39m" "Mozilla/5.0 (X11; Linux x86_64) AppleWebKit/537.36 (KHTML, like Gecko) Chrome/48.0.2564.116 Safari/537.36"
[Thu Feb 25 2016 22:46:00 GMT+0800 (CST)] "[36mGET[39m [36m/css/main.css[39m" "Mozilla/5.0 (X11; Linux x86_64) AppleWebKit/537.36 (KHTML, like Gecko) Chrome/48.0.2564.116 Safari/537.36"
[Thu Feb 25 2016 22:46:00 GMT+0800 (CST)] "[36mGET[39m [36m/js/jquery-1.12.1.min.js[39m" "Mozilla/5.0 (X11; Linux x86_64) AppleWebKit/537.36 (KHTML, like Gecko) Chrome/48.0.2564.116 Safari/537.36"
[Thu Feb 25 2016 22:46:00 GMT+0800 (CST)] "[36mGET[39m [36m/js/bootstrap.min.js[39m" "Mozilla/5.0 (X11; Linux x86_64) AppleWebKit/537.36 (KHTML, like Gecko) Chrome/48.0.2564.116 Safari/537.36"
[Thu Feb 25 2016 22:53:41 GMT+0800 (CST)] "[36mGET[39m [36m/css/bootstrap.min.css[39m" "Mozilla/5.0 (X11; Linux x86_64) AppleWebKit/537.36 (KHTML, like Gecko) Chrome/48.0.2564.116 Safari/537.36"
[Thu Feb 25 2016 22:53:41 GMT+0800 (CST)] "[36mGET[39m [36m/fonts/font-awesome.min.css[39m" "Mozilla/5.0 (X11; Linux x86_64) AppleWebKit/537.36 (KHTML, like Gecko) Chrome/48.0.2564.116 Safari/537.36"
[Thu Feb 25 2016 22:53:41 GMT+0800 (CST)] "[36mGET[39m [36m/css/main.css[39m" "Mozilla/5.0 (X11; Linux x86_64) AppleWebKit/537.36 (KHTML, like Gecko) Chrome/48.0.2564.116 Safari/537.36"
[Thu Feb 25 2016 22:53:41 GMT+0800 (CST)] "[36mGET[39m [36m/js/jquery-1.12.1.min.js[39m" "Mozilla/5.0 (X11; Linux x86_64) AppleWebKit/537.36 (KHTML, like Gecko) Chrome/48.0.2564.116 Safari/537.36"
[Thu Feb 25 2016 22:53:41 GMT+0800 (CST)] "[36mGET[39m [36m/js/bootstrap.min.js[39m" "Mozilla/5.0 (X11; Linux x86_64) AppleWebKit/537.36 (KHTML, like Gecko) Chrome/48.0.2564.116 Safari/537.36"
[Thu Feb 25 2016 22:54:49 GMT+0800 (CST)] "[36mGET[39m [36m/css/bootstrap.min.css[39m" "Mozilla/5.0 (X11; Linux x86_64) AppleWebKit/537.36 (KHTML, like Gecko) Chrome/48.0.2564.116 Safari/537.36"
[Thu Feb 25 2016 22:54:49 GMT+0800 (CST)] "[36mGET[39m [36m/fonts/font-awesome.min.css[39m" "Mozilla/5.0 (X11; Linux x86_64) AppleWebKit/537.36 (KHTML, like Gecko) Chrome/48.0.2564.116 Safari/537.36"
[Thu Feb 25 2016 22:54:49 GMT+0800 (CST)] "[36mGET[39m [36m/css/main.css[39m" "Mozilla/5.0 (X11; Linux x86_64) AppleWebKit/537.36 (KHTML, like Gecko) Chrome/48.0.2564.116 Safari/537.36"
[Thu Feb 25 2016 22:54:49 GMT+0800 (CST)] "[36mGET[39m [36m/js/jquery-1.12.1.min.js[39m" "Mozilla/5.0 (X11; Linux x86_64) AppleWebKit/537.36 (KHTML, like Gecko) Chrome/48.0.2564.116 Safari/537.36"
[Thu Feb 25 2016 22:54:49 GMT+0800 (CST)] "[36mGET[39m [36m/js/bootstrap.min.js[39m" "Mozilla/5.0 (X11; Linux x86_64) AppleWebKit/537.36 (KHTML, like Gecko) Chrome/48.0.2564.116 Safari/537.36"
[Thu Feb 25 2016 23:00:48 GMT+0800 (CST)] "[36mGET[39m [36m/css/bootstrap.min.css[39m" "Mozilla/5.0 (X11; Linux x86_64) AppleWebKit/537.36 (KHTML, like Gecko) Chrome/48.0.2564.116 Safari/537.36"
[Thu Feb 25 2016 23:00:48 GMT+0800 (CST)] "[36mGET[39m [36m/fonts/font-awesome.min.css[39m" "Mozilla/5.0 (X11; Linux x86_64) AppleWebKit/537.36 (KHTML, like Gecko) Chrome/48.0.2564.116 Safari/537.36"
[Thu Feb 25 2016 23:00:48 GMT+0800 (CST)] "[36mGET[39m [36m/css/main.css[39m" "Mozilla/5.0 (X11; Linux x86_64) AppleWebKit/537.36 (KHTML, like Gecko) Chrome/48.0.2564.116 Safari/537.36"
[Thu Feb 25 2016 23:00:48 GMT+0800 (CST)] "[36mGET[39m [36m/js/jquery-1.12.1.min.js[39m" "Mozilla/5.0 (X11; Linux x86_64) AppleWebKit/537.36 (KHTML, like Gecko) Chrome/48.0.2564.116 Safari/537.36"
[Thu Feb 25 2016 23:00:48 GMT+0800 (CST)] "[36mGET[39m [36m/js/bootstrap.min.js[39m" "Mozilla/5.0 (X11; Linux x86_64) AppleWebKit/537.36 (KHTML, like Gecko) Chrome/48.0.2564.116 Safari/537.36"
[Fri Feb 26 2016 00:16:50 GMT+0800 (CST)] "[36mGET[39m [36m/css/bootstrap.min.css[39m" "Mozilla/5.0 (X11; Linux x86_64) AppleWebKit/537.36 (KHTML, like Gecko) Chrome/48.0.2564.116 Safari/537.36"
[Fri Feb 26 2016 00:16:50 GMT+0800 (CST)] "[36mGET[39m [36m/fonts/font-awesome.min.css[39m" "Mozilla/5.0 (X11; Linux x86_64) AppleWebKit/537.36 (KHTML, like Gecko) Chrome/48.0.2564.116 Safari/537.36"
[Fri Feb 26 2016 00:16:50 GMT+0800 (CST)] "[36mGET[39m [36m/css/main.css[39m" "Mozilla/5.0 (X11; Linux x86_64) AppleWebKit/537.36 (KHTML, like Gecko) Chrome/48.0.2564.116 Safari/537.36"
[Fri Feb 26 2016 00:16:50 GMT+0800 (CST)] "[36mGET[39m [36m/js/jquery-1.12.1.min.js[39m" "Mozilla/5.0 (X11; Linux x86_64) AppleWebKit/537.36 (KHTML, like Gecko) Chrome/48.0.2564.116 Safari/537.36"
[Fri Feb 26 2016 00:16:50 GMT+0800 (CST)] "[36mGET[39m [36m/js/bootstrap.min.js[39m" "Mozilla/5.0 (X11; Linux x86_64) AppleWebKit/537.36 (KHTML, like Gecko) Chrome/48.0.2564.116 Safari/537.36"
[Fri Feb 26 2016 00:18:15 GMT+0800 (CST)] "[36mGET[39m [36m/css/bootstrap.min.css[39m" "Mozilla/5.0 (X11; Linux x86_64) AppleWebKit/537.36 (KHTML, like Gecko) Chrome/48.0.2564.116 Safari/537.36"
[Fri Feb 26 2016 00:18:15 GMT+0800 (CST)] "[36mGET[39m [36m/fonts/font-awesome.min.css[39m" "Mozilla/5.0 (X11; Linux x86_64) AppleWebKit/537.36 (KHTML, like Gecko) Chrome/48.0.2564.116 Safari/537.36"
[Fri Feb 26 2016 00:18:15 GMT+0800 (CST)] "[36mGET[39m [36m/css/main.css[39m" "Mozilla/5.0 (X11; Linux x86_64) AppleWebKit/537.36 (KHTML, like Gecko) Chrome/48.0.2564.116 Safari/537.36"
[Fri Feb 26 2016 00:18:15 GMT+0800 (CST)] "[36mGET[39m [36m/js/jquery-1.12.1.min.js[39m" "Mozilla/5.0 (X11; Linux x86_64) AppleWebKit/537.36 (KHTML, like Gecko) Chrome/48.0.2564.116 Safari/537.36"
[Fri Feb 26 2016 00:18:15 GMT+0800 (CST)] "[36mGET[39m [36m/js/bootstrap.min.js[39m" "Mozilla/5.0 (X11; Linux x86_64) AppleWebKit/537.36 (KHTML, like Gecko) Chrome/48.0.2564.116 Safari/537.36"
[Fri Feb 26 2016 00:28:59 GMT+0800 (CST)] "[36mGET[39m [36m/css/bootstrap.min.css[39m" "Mozilla/5.0 (X11; Linux x86_64) AppleWebKit/537.36 (KHTML, like Gecko) Chrome/48.0.2564.116 Safari/537.36"
[Fri Feb 26 2016 00:28:59 GMT+0800 (CST)] "[36mGET[39m [36m/fonts/font-awesome.min.css[39m" "Mozilla/5.0 (X11; Linux x86_64) AppleWebKit/537.36 (KHTML, like Gecko) Chrome/48.0.2564.116 Safari/537.36"
[Fri Feb 26 2016 00:28:59 GMT+0800 (CST)] "[36mGET[39m [36m/css/main.css[39m" "Mozilla/5.0 (X11; Linux x86_64) AppleWebKit/537.36 (KHTML, like Gecko) Chrome/48.0.2564.116 Safari/537.36"
[Fri Feb 26 2016 00:28:59 GMT+0800 (CST)] "[36mGET[39m [36m/js/jquery-1.12.1.min.js[39m" "Mozilla/5.0 (X11; Linux x86_64) AppleWebKit/537.36 (KHTML, like Gecko) Chrome/48.0.2564.116 Safari/537.36"
[Fri Feb 26 2016 00:28:59 GMT+0800 (CST)] "[36mGET[39m [36m/js/bootstrap.min.js[39m" "Mozilla/5.0 (X11; Linux x86_64) AppleWebKit/537.36 (KHTML, like Gecko) Chrome/48.0.2564.116 Safari/537.36"
[Fri Feb 26 2016 00:39:05 GMT+0800 (CST)] "[36mGET[39m [36m/css/bootstrap.min.css[39m" "Mozilla/5.0 (X11; Linux x86_64) AppleWebKit/537.36 (KHTML, like Gecko) Chrome/48.0.2564.116 Safari/537.36"
[Fri Feb 26 2016 00:39:05 GMT+0800 (CST)] "[36mGET[39m [36m/fonts/font-awesome.min.css[39m" "Mozilla/5.0 (X11; Linux x86_64) AppleWebKit/537.36 (KHTML, like Gecko) Chrome/48.0.2564.116 Safari/537.36"
[Fri Feb 26 2016 00:39:05 GMT+0800 (CST)] "[36mGET[39m [36m/css/main.css[39m" "Mozilla/5.0 (X11; Linux x86_64) AppleWebKit/537.36 (KHTML, like Gecko) Chrome/48.0.2564.116 Safari/537.36"
[Fri Feb 26 2016 00:39:05 GMT+0800 (CST)] "[36mGET[39m [36m/js/jquery-1.12.1.min.js[39m" "Mozilla/5.0 (X11; Linux x86_64) AppleWebKit/537.36 (KHTML, like Gecko) Chrome/48.0.2564.116 Safari/537.36"
[Fri Feb 26 2016 00:39:05 GMT+0800 (CST)] "[36mGET[39m [36m/js/bootstrap.min.js[39m" "Mozilla/5.0 (X11; Linux x86_64) AppleWebKit/537.36 (KHTML, like Gecko) Chrome/48.0.2564.116 Safari/537.36"
[Fri Feb 26 2016 00:39:31 GMT+0800 (CST)] "[36mGET[39m [36m/css/bootstrap.min.css[39m" "Mozilla/5.0 (X11; Linux x86_64) AppleWebKit/537.36 (KHTML, like Gecko) Chrome/48.0.2564.116 Safari/537.36"
[Fri Feb 26 2016 00:39:31 GMT+0800 (CST)] "[36mGET[39m [36m/fonts/font-awesome.min.css[39m" "Mozilla/5.0 (X11; Linux x86_64) AppleWebKit/537.36 (KHTML, like Gecko) Chrome/48.0.2564.116 Safari/537.36"
[Fri Feb 26 2016 00:39:31 GMT+0800 (CST)] "[36mGET[39m [36m/css/main.css[39m" "Mozilla/5.0 (X11; Linux x86_64) AppleWebKit/537.36 (KHTML, like Gecko) Chrome/48.0.2564.116 Safari/537.36"
[Fri Feb 26 2016 00:39:31 GMT+0800 (CST)] "[36mGET[39m [36m/js/jquery-1.12.1.min.js[39m" "Mozilla/5.0 (X11; Linux x86_64) AppleWebKit/537.36 (KHTML, like Gecko) Chrome/48.0.2564.116 Safari/537.36"
[Fri Feb 26 2016 00:39:31 GMT+0800 (CST)] "[36mGET[39m [36m/js/bootstrap.min.js[39m" "Mozilla/5.0 (X11; Linux x86_64) AppleWebKit/537.36 (KHTML, like Gecko) Chrome/48.0.2564.116 Safari/537.36"
[Fri Feb 26 2016 00:39:44 GMT+0800 (CST)] "[36mGET[39m [36m/css/bootstrap.min.css[39m" "Mozilla/5.0 (X11; Linux x86_64) AppleWebKit/537.36 (KHTML, like Gecko) Chrome/48.0.2564.116 Safari/537.36"
[Fri Feb 26 2016 00:39:44 GMT+0800 (CST)] "[36mGET[39m [36m/fonts/font-awesome.min.css[39m" "Mozilla/5.0 (X11; Linux x86_64) AppleWebKit/537.36 (KHTML, like Gecko) Chrome/48.0.2564.116 Safari/537.36"
[Fri Feb 26 2016 00:39:44 GMT+0800 (CST)] "[36mGET[39m [36m/css/main.css[39m" "Mozilla/5.0 (X11; Linux x86_64) AppleWebKit/537.36 (KHTML, like Gecko) Chrome/48.0.2564.116 Safari/537.36"
[Fri Feb 26 2016 00:39:44 GMT+0800 (CST)] "[36mGET[39m [36m/js/jquery-1.12.1.min.js[39m" "Mozilla/5.0 (X11; Linux x86_64) AppleWebKit/537.36 (KHTML, like Gecko) Chrome/48.0.2564.116 Safari/537.36"
[Fri Feb 26 2016 00:39:44 GMT+0800 (CST)] "[36mGET[39m [36m/js/bootstrap.min.js[39m" "Mozilla/5.0 (X11; Linux x86_64) AppleWebKit/537.36 (KHTML, like Gecko) Chrome/48.0.2564.116 Safari/537.36"
[Fri Feb 26 2016 00:40:10 GMT+0800 (CST)] "[36mGET[39m [36m/css/bootstrap.min.css[39m" "Mozilla/5.0 (X11; Linux x86_64) AppleWebKit/537.36 (KHTML, like Gecko) Chrome/48.0.2564.116 Safari/537.36"
[Fri Feb 26 2016 00:40:10 GMT+0800 (CST)] "[36mGET[39m [36m/fonts/font-awesome.min.css[39m" "Mozilla/5.0 (X11; Linux x86_64) AppleWebKit/537.36 (KHTML, like Gecko) Chrome/48.0.2564.116 Safari/537.36"
[Fri Feb 26 2016 00:40:10 GMT+0800 (CST)] "[36mGET[39m [36m/css/main.css[39m" "Mozilla/5.0 (X11; Linux x86_64) AppleWebKit/537.36 (KHTML, like Gecko) Chrome/48.0.2564.116 Safari/537.36"
[Fri Feb 26 2016 00:40:10 GMT+0800 (CST)] "[36mGET[39m [36m/js/jquery-1.12.1.min.js[39m" "Mozilla/5.0 (X11; Linux x86_64) AppleWebKit/537.36 (KHTML, like Gecko) Chrome/48.0.2564.116 Safari/537.36"
[Fri Feb 26 2016 00:40:10 GMT+0800 (CST)] "[36mGET[39m [36m/js/bootstrap.min.js[39m" "Mozilla/5.0 (X11; Linux x86_64) AppleWebKit/537.36 (KHTML, like Gecko) Chrome/48.0.2564.116 Safari/537.36"
[Fri Feb 26 2016 00:40:18 GMT+0800 (CST)] "[36mGET[39m [36m/css/bootstrap.min.css[39m" "Mozilla/5.0 (X11; Linux x86_64) AppleWebKit/537.36 (KHTML, like Gecko) Chrome/48.0.2564.116 Safari/537.36"
[Fri Feb 26 2016 00:40:18 GMT+0800 (CST)] "[36mGET[39m [36m/fonts/font-awesome.min.css[39m" "Mozilla/5.0 (X11; Linux x86_64) AppleWebKit/537.36 (KHTML, like Gecko) Chrome/48.0.2564.116 Safari/537.36"
[Fri Feb 26 2016 00:40:18 GMT+0800 (CST)] "[36mGET[39m [36m/css/main.css[39m" "Mozilla/5.0 (X11; Linux x86_64) AppleWebKit/537.36 (KHTML, like Gecko) Chrome/48.0.2564.116 Safari/537.36"
[Fri Feb 26 2016 00:40:18 GMT+0800 (CST)] "[36mGET[39m [36m/js/jquery-1.12.1.min.js[39m" "Mozilla/5.0 (X11; Linux x86_64) AppleWebKit/537.36 (KHTML, like Gecko) Chrome/48.0.2564.116 Safari/537.36"
[Fri Feb 26 2016 00:40:18 GMT+0800 (CST)] "[36mGET[39m [36m/js/bootstrap.min.js[39m" "Mozilla/5.0 (X11; Linux x86_64) AppleWebKit/537.36 (KHTML, like Gecko) Chrome/48.0.2564.116 Safari/537.36"
[Fri Feb 26 2016 00:41:31 GMT+0800 (CST)] "[36mGET[39m [36m/css/bootstrap.min.css[39m" "Mozilla/5.0 (X11; Linux x86_64) AppleWebKit/537.36 (KHTML, like Gecko) Chrome/48.0.2564.116 Safari/537.36"
[Fri Feb 26 2016 00:41:31 GMT+0800 (CST)] "[36mGET[39m [36m/fonts/font-awesome.min.css[39m" "Mozilla/5.0 (X11; Linux x86_64) AppleWebKit/537.36 (KHTML, like Gecko) Chrome/48.0.2564.116 Safari/537.36"
[Fri Feb 26 2016 00:41:31 GMT+0800 (CST)] "[36mGET[39m [36m/css/main.css[39m" "Mozilla/5.0 (X11; Linux x86_64) AppleWebKit/537.36 (KHTML, like Gecko) Chrome/48.0.2564.116 Safari/537.36"
[Fri Feb 26 2016 00:41:31 GMT+0800 (CST)] "[36mGET[39m [36m/js/jquery-1.12.1.min.js[39m" "Mozilla/5.0 (X11; Linux x86_64) AppleWebKit/537.36 (KHTML, like Gecko) Chrome/48.0.2564.116 Safari/537.36"
[Fri Feb 26 2016 00:41:31 GMT+0800 (CST)] "[36mGET[39m [36m/js/bootstrap.min.js[39m" "Mozilla/5.0 (X11; Linux x86_64) AppleWebKit/537.36 (KHTML, like Gecko) Chrome/48.0.2564.116 Safari/537.36"
[Fri Feb 26 2016 00:48:35 GMT+0800 (CST)] "[36mGET[39m [36m/css/bootstrap.min.css[39m" "Mozilla/5.0 (X11; Linux x86_64) AppleWebKit/537.36 (KHTML, like Gecko) Chrome/48.0.2564.116 Safari/537.36"
[Fri Feb 26 2016 00:48:35 GMT+0800 (CST)] "[36mGET[39m [36m/fonts/font-awesome.min.css[39m" "Mozilla/5.0 (X11; Linux x86_64) AppleWebKit/537.36 (KHTML, like Gecko) Chrome/48.0.2564.116 Safari/537.36"
[Fri Feb 26 2016 00:48:35 GMT+0800 (CST)] "[36mGET[39m [36m/css/main.css[39m" "Mozilla/5.0 (X11; Linux x86_64) AppleWebKit/537.36 (KHTML, like Gecko) Chrome/48.0.2564.116 Safari/537.36"
[Fri Feb 26 2016 00:48:35 GMT+0800 (CST)] "[36mGET[39m [36m/js/jquery-1.12.1.min.js[39m" "Mozilla/5.0 (X11; Linux x86_64) AppleWebKit/537.36 (KHTML, like Gecko) Chrome/48.0.2564.116 Safari/537.36"
[Fri Feb 26 2016 00:48:35 GMT+0800 (CST)] "[36mGET[39m [36m/js/bootstrap.min.js[39m" "Mozilla/5.0 (X11; Linux x86_64) AppleWebKit/537.36 (KHTML, like Gecko) Chrome/48.0.2564.116 Safari/537.36"
[Fri Feb 26 2016 00:50:20 GMT+0800 (CST)] "[36mGET[39m [36m/css/bootstrap.min.css[39m" "Mozilla/5.0 (X11; Linux x86_64) AppleWebKit/537.36 (KHTML, like Gecko) Chrome/48.0.2564.116 Safari/537.36"
[Fri Feb 26 2016 00:50:20 GMT+0800 (CST)] "[36mGET[39m [36m/fonts/font-awesome.min.css[39m" "Mozilla/5.0 (X11; Linux x86_64) AppleWebKit/537.36 (KHTML, like Gecko) Chrome/48.0.2564.116 Safari/537.36"
[Fri Feb 26 2016 00:50:20 GMT+0800 (CST)] "[36mGET[39m [36m/css/main.css[39m" "Mozilla/5.0 (X11; Linux x86_64) AppleWebKit/537.36 (KHTML, like Gecko) Chrome/48.0.2564.116 Safari/537.36"
[Fri Feb 26 2016 00:50:20 GMT+0800 (CST)] "[36mGET[39m [36m/js/jquery-1.12.1.min.js[39m" "Mozilla/5.0 (X11; Linux x86_64) AppleWebKit/537.36 (KHTML, like Gecko) Chrome/48.0.2564.116 Safari/537.36"
[Fri Feb 26 2016 00:50:20 GMT+0800 (CST)] "[36mGET[39m [36m/js/bootstrap.min.js[39m" "Mozilla/5.0 (X11; Linux x86_64) AppleWebKit/537.36 (KHTML, like Gecko) Chrome/48.0.2564.116 Safari/537.36"
[Fri Feb 26 2016 00:54:08 GMT+0800 (CST)] "[36mGET[39m [36m/css/bootstrap.min.css[39m" "Mozilla/5.0 (X11; Linux x86_64) AppleWebKit/537.36 (KHTML, like Gecko) Chrome/48.0.2564.116 Safari/537.36"
[Fri Feb 26 2016 00:54:08 GMT+0800 (CST)] "[36mGET[39m [36m/fonts/font-awesome.min.css[39m" "Mozilla/5.0 (X11; Linux x86_64) AppleWebKit/537.36 (KHTML, like Gecko) Chrome/48.0.2564.116 Safari/537.36"
[Fri Feb 26 2016 00:54:08 GMT+0800 (CST)] "[36mGET[39m [36m/css/main.css[39m" "Mozilla/5.0 (X11; Linux x86_64) AppleWebKit/537.36 (KHTML, like Gecko) Chrome/48.0.2564.116 Safari/537.36"
[Fri Feb 26 2016 00:54:08 GMT+0800 (CST)] "[36mGET[39m [36m/js/jquery-1.12.1.min.js[39m" "Mozilla/5.0 (X11; Linux x86_64) AppleWebKit/537.36 (KHTML, like Gecko) Chrome/48.0.2564.116 Safari/537.36"
[Fri Feb 26 2016 00:54:08 GMT+0800 (CST)] "[36mGET[39m [36m/js/bootstrap.min.js[39m" "Mozilla/5.0 (X11; Linux x86_64) AppleWebKit/537.36 (KHTML, like Gecko) Chrome/48.0.2564.116 Safari/537.36"
[Fri Feb 26 2016 01:00:44 GMT+0800 (CST)] "[36mGET[39m [36m/css/bootstrap.min.css[39m" "Mozilla/5.0 (X11; Linux x86_64) AppleWebKit/537.36 (KHTML, like Gecko) Chrome/48.0.2564.116 Safari/537.36"
[Fri Feb 26 2016 01:00:44 GMT+0800 (CST)] "[36mGET[39m [36m/fonts/font-awesome.min.css[39m" "Mozilla/5.0 (X11; Linux x86_64) AppleWebKit/537.36 (KHTML, like Gecko) Chrome/48.0.2564.116 Safari/537.36"
[Fri Feb 26 2016 01:00:44 GMT+0800 (CST)] "[36mGET[39m [36m/css/main.css[39m" "Mozilla/5.0 (X11; Linux x86_64) AppleWebKit/537.36 (KHTML, like Gecko) Chrome/48.0.2564.116 Safari/537.36"
[Fri Feb 26 2016 01:00:44 GMT+0800 (CST)] "[36mGET[39m [36m/js/jquery-1.12.1.min.js[39m" "Mozilla/5.0 (X11; Linux x86_64) AppleWebKit/537.36 (KHTML, like Gecko) Chrome/48.0.2564.116 Safari/537.36"
[Fri Feb 26 2016 01:00:44 GMT+0800 (CST)] "[36mGET[39m [36m/js/bootstrap.min.js[39m" "Mozilla/5.0 (X11; Linux x86_64) AppleWebKit/537.36 (KHTML, like Gecko) Chrome/48.0.2564.116 Safari/537.36"
[Fri Feb 26 2016 01:07:38 GMT+0800 (CST)] "[36mGET[39m [36m/css/bootstrap.min.css[39m" "Mozilla/5.0 (X11; Linux x86_64) AppleWebKit/537.36 (KHTML, like Gecko) Chrome/48.0.2564.116 Safari/537.36"
[Fri Feb 26 2016 01:07:38 GMT+0800 (CST)] "[36mGET[39m [36m/fonts/font-awesome.min.css[39m" "Mozilla/5.0 (X11; Linux x86_64) AppleWebKit/537.36 (KHTML, like Gecko) Chrome/48.0.2564.116 Safari/537.36"
[Fri Feb 26 2016 01:07:38 GMT+0800 (CST)] "[36mGET[39m [36m/css/main.css[39m" "Mozilla/5.0 (X11; Linux x86_64) AppleWebKit/537.36 (KHTML, like Gecko) Chrome/48.0.2564.116 Safari/537.36"
[Fri Feb 26 2016 01:07:38 GMT+0800 (CST)] "[36mGET[39m [36m/images/marry_both.JPG-S800X800[39m" "Mozilla/5.0 (X11; Linux x86_64) AppleWebKit/537.36 (KHTML, like Gecko) Chrome/48.0.2564.116 Safari/537.36"
[Fri Feb 26 2016 01:07:38 GMT+0800 (CST)] "[36mGET[39m [36m/js/jquery-1.12.1.min.js[39m" "Mozilla/5.0 (X11; Linux x86_64) AppleWebKit/537.36 (KHTML, like Gecko) Chrome/48.0.2564.116 Safari/537.36"
[Fri Feb 26 2016 01:07:38 GMT+0800 (CST)] "[36mGET[39m [36m/js/bootstrap.min.js[39m" "Mozilla/5.0 (X11; Linux x86_64) AppleWebKit/537.36 (KHTML, like Gecko) Chrome/48.0.2564.116 Safari/537.36"
[Fri Feb 26 2016 01:12:40 GMT+0800 (CST)] "[36mGET[39m [36m/css/bootstrap.min.css[39m" "Mozilla/5.0 (X11; Linux x86_64) AppleWebKit/537.36 (KHTML, like Gecko) Chrome/48.0.2564.116 Safari/537.36"
[Fri Feb 26 2016 01:12:40 GMT+0800 (CST)] "[36mGET[39m [36m/fonts/font-awesome.min.css[39m" "Mozilla/5.0 (X11; Linux x86_64) AppleWebKit/537.36 (KHTML, like Gecko) Chrome/48.0.2564.116 Safari/537.36"
[Fri Feb 26 2016 01:12:40 GMT+0800 (CST)] "[36mGET[39m [36m/css/main.css[39m" "Mozilla/5.0 (X11; Linux x86_64) AppleWebKit/537.36 (KHTML, like Gecko) Chrome/48.0.2564.116 Safari/537.36"
[Fri Feb 26 2016 01:12:41 GMT+0800 (CST)] "[36mGET[39m [36m/css/bootstrap.min.css[39m" "Mozilla/5.0 (X11; Linux x86_64) AppleWebKit/537.36 (KHTML, like Gecko) Chrome/48.0.2564.116 Safari/537.36"
[Fri Feb 26 2016 01:12:41 GMT+0800 (CST)] "[36mGET[39m [36m/fonts/font-awesome.min.css[39m" "Mozilla/5.0 (X11; Linux x86_64) AppleWebKit/537.36 (KHTML, like Gecko) Chrome/48.0.2564.116 Safari/537.36"
[Fri Feb 26 2016 01:12:41 GMT+0800 (CST)] "[36mGET[39m [36m/css/main.css[39m" "Mozilla/5.0 (X11; Linux x86_64) AppleWebKit/537.36 (KHTML, like Gecko) Chrome/48.0.2564.116 Safari/537.36"
[Fri Feb 26 2016 01:12:41 GMT+0800 (CST)] "[36mGET[39m [36m/images/marry_both.JPG-S800X800[39m" "Mozilla/5.0 (X11; Linux x86_64) AppleWebKit/537.36 (KHTML, like Gecko) Chrome/48.0.2564.116 Safari/537.36"
[Fri Feb 26 2016 01:13:49 GMT+0800 (CST)] "[36mGET[39m [36m/css/bootstrap.min.css[39m" "Mozilla/5.0 (X11; Linux x86_64) AppleWebKit/537.36 (KHTML, like Gecko) Chrome/48.0.2564.116 Safari/537.36"
[Fri Feb 26 2016 01:13:49 GMT+0800 (CST)] "[36mGET[39m [36m/fonts/font-awesome.min.css[39m" "Mozilla/5.0 (X11; Linux x86_64) AppleWebKit/537.36 (KHTML, like Gecko) Chrome/48.0.2564.116 Safari/537.36"
[Fri Feb 26 2016 01:13:49 GMT+0800 (CST)] "[36mGET[39m [36m/css/main.css[39m" "Mozilla/5.0 (X11; Linux x86_64) AppleWebKit/537.36 (KHTML, like Gecko) Chrome/48.0.2564.116 Safari/537.36"
[Fri Feb 26 2016 01:13:49 GMT+0800 (CST)] "[36mGET[39m [36m/images/marry_both.JPG-S800X800[39m" "Mozilla/5.0 (X11; Linux x86_64) AppleWebKit/537.36 (KHTML, like Gecko) Chrome/48.0.2564.116 Safari/537.36"
[Fri Feb 26 2016 01:13:50 GMT+0800 (CST)] "[36mGET[39m [36m/css/bootstrap.min.css[39m" "Mozilla/5.0 (X11; Linux x86_64) AppleWebKit/537.36 (KHTML, like Gecko) Chrome/48.0.2564.116 Safari/537.36"
[Fri Feb 26 2016 01:13:50 GMT+0800 (CST)] "[36mGET[39m [36m/fonts/font-awesome.min.css[39m" "Mozilla/5.0 (X11; Linux x86_64) AppleWebKit/537.36 (KHTML, like Gecko) Chrome/48.0.2564.116 Safari/537.36"
[Fri Feb 26 2016 01:13:50 GMT+0800 (CST)] "[36mGET[39m [36m/css/main.css[39m" "Mozilla/5.0 (X11; Linux x86_64) AppleWebKit/537.36 (KHTML, like Gecko) Chrome/48.0.2564.116 Safari/537.36"
[Fri Feb 26 2016 01:13:50 GMT+0800 (CST)] "[36mGET[39m [36m/images/marry_both.JPG-S800X800[39m" "Mozilla/5.0 (X11; Linux x86_64) AppleWebKit/537.36 (KHTML, like Gecko) Chrome/48.0.2564.116 Safari/537.36"
[Fri Feb 26 2016 01:37:43 GMT+0800 (CST)] "[36mGET[39m [36m/css/bootstrap.min.css[39m" "Mozilla/5.0 (X11; Linux x86_64) AppleWebKit/537.36 (KHTML, like Gecko) Chrome/48.0.2564.116 Safari/537.36"
[Fri Feb 26 2016 01:37:43 GMT+0800 (CST)] "[36mGET[39m [36m/fonts/font-awesome.min.css[39m" "Mozilla/5.0 (X11; Linux x86_64) AppleWebKit/537.36 (KHTML, like Gecko) Chrome/48.0.2564.116 Safari/537.36"
[Fri Feb 26 2016 01:37:43 GMT+0800 (CST)] "[36mGET[39m [36m/css/main.css[39m" "Mozilla/5.0 (X11; Linux x86_64) AppleWebKit/537.36 (KHTML, like Gecko) Chrome/48.0.2564.116 Safari/537.36"
[Fri Feb 26 2016 01:37:43 GMT+0800 (CST)] "[36mGET[39m [36m/js/jquery-1.12.1.min.js[39m" "Mozilla/5.0 (X11; Linux x86_64) AppleWebKit/537.36 (KHTML, like Gecko) Chrome/48.0.2564.116 Safari/537.36"
[Fri Feb 26 2016 01:37:43 GMT+0800 (CST)] "[36mGET[39m [36m/js/bootstrap.min.js[39m" "Mozilla/5.0 (X11; Linux x86_64) AppleWebKit/537.36 (KHTML, like Gecko) Chrome/48.0.2564.116 Safari/537.36"
[Fri Feb 26 2016 01:37:43 GMT+0800 (CST)] "[36mGET[39m [36m/images/marry_both.JPG-S800X800[39m" "Mozilla/5.0 (X11; Linux x86_64) AppleWebKit/537.36 (KHTML, like Gecko) Chrome/48.0.2564.116 Safari/537.36"
[Fri Feb 26 2016 01:39:54 GMT+0800 (CST)] "[36mGET[39m [36m/css/bootstrap.min.css[39m" "Mozilla/5.0 (X11; Linux x86_64) AppleWebKit/537.36 (KHTML, like Gecko) Chrome/48.0.2564.116 Safari/537.36"
[Fri Feb 26 2016 01:39:54 GMT+0800 (CST)] "[36mGET[39m [36m/fonts/font-awesome.min.css[39m" "Mozilla/5.0 (X11; Linux x86_64) AppleWebKit/537.36 (KHTML, like Gecko) Chrome/48.0.2564.116 Safari/537.36"
[Fri Feb 26 2016 01:39:54 GMT+0800 (CST)] "[36mGET[39m [36m/css/main.css[39m" "Mozilla/5.0 (X11; Linux x86_64) AppleWebKit/537.36 (KHTML, like Gecko) Chrome/48.0.2564.116 Safari/537.36"
[Fri Feb 26 2016 01:39:54 GMT+0800 (CST)] "[36mGET[39m [36m/js/jquery-1.12.1.min.js[39m" "Mozilla/5.0 (X11; Linux x86_64) AppleWebKit/537.36 (KHTML, like Gecko) Chrome/48.0.2564.116 Safari/537.36"
[Fri Feb 26 2016 01:39:54 GMT+0800 (CST)] "[36mGET[39m [36m/js/bootstrap.min.js[39m" "Mozilla/5.0 (X11; Linux x86_64) AppleWebKit/537.36 (KHTML, like Gecko) Chrome/48.0.2564.116 Safari/537.36"
[Fri Feb 26 2016 01:39:54 GMT+0800 (CST)] "[36mGET[39m [36m/images/marry_both.JPG-S800X800[39m" "Mozilla/5.0 (X11; Linux x86_64) AppleWebKit/537.36 (KHTML, like Gecko) Chrome/48.0.2564.116 Safari/537.36"
[Fri Feb 26 2016 01:41:06 GMT+0800 (CST)] "[36mGET[39m [36m/css/bootstrap.min.css[39m" "Mozilla/5.0 (X11; Linux x86_64) AppleWebKit/537.36 (KHTML, like Gecko) Chrome/48.0.2564.116 Safari/537.36"
[Fri Feb 26 2016 01:41:06 GMT+0800 (CST)] "[36mGET[39m [36m/fonts/font-awesome.min.css[39m" "Mozilla/5.0 (X11; Linux x86_64) AppleWebKit/537.36 (KHTML, like Gecko) Chrome/48.0.2564.116 Safari/537.36"
[Fri Feb 26 2016 01:41:06 GMT+0800 (CST)] "[36mGET[39m [36m/css/main.css[39m" "Mozilla/5.0 (X11; Linux x86_64) AppleWebKit/537.36 (KHTML, like Gecko) Chrome/48.0.2564.116 Safari/537.36"
[Fri Feb 26 2016 01:41:06 GMT+0800 (CST)] "[36mGET[39m [36m/js/jquery-1.12.1.min.js[39m" "Mozilla/5.0 (X11; Linux x86_64) AppleWebKit/537.36 (KHTML, like Gecko) Chrome/48.0.2564.116 Safari/537.36"
[Fri Feb 26 2016 01:41:06 GMT+0800 (CST)] "[36mGET[39m [36m/js/bootstrap.min.js[39m" "Mozilla/5.0 (X11; Linux x86_64) AppleWebKit/537.36 (KHTML, like Gecko) Chrome/48.0.2564.116 Safari/537.36"
[Fri Feb 26 2016 01:41:06 GMT+0800 (CST)] "[36mGET[39m [36m/images/marry_both.JPG-S800X800[39m" "Mozilla/5.0 (X11; Linux x86_64) AppleWebKit/537.36 (KHTML, like Gecko) Chrome/48.0.2564.116 Safari/537.36"
[Fri Feb 26 2016 01:44:32 GMT+0800 (CST)] "[36mGET[39m [36m/css/bootstrap.min.css[39m" "Mozilla/5.0 (X11; Linux x86_64) AppleWebKit/537.36 (KHTML, like Gecko) Chrome/48.0.2564.116 Safari/537.36"
[Fri Feb 26 2016 01:44:32 GMT+0800 (CST)] "[36mGET[39m [36m/fonts/font-awesome.min.css[39m" "Mozilla/5.0 (X11; Linux x86_64) AppleWebKit/537.36 (KHTML, like Gecko) Chrome/48.0.2564.116 Safari/537.36"
[Fri Feb 26 2016 01:44:32 GMT+0800 (CST)] "[36mGET[39m [36m/css/main.css[39m" "Mozilla/5.0 (X11; Linux x86_64) AppleWebKit/537.36 (KHTML, like Gecko) Chrome/48.0.2564.116 Safari/537.36"
[Fri Feb 26 2016 01:44:32 GMT+0800 (CST)] "[36mGET[39m [36m/js/jquery-1.12.1.min.js[39m" "Mozilla/5.0 (X11; Linux x86_64) AppleWebKit/537.36 (KHTML, like Gecko) Chrome/48.0.2564.116 Safari/537.36"
[Fri Feb 26 2016 01:44:32 GMT+0800 (CST)] "[36mGET[39m [36m/js/bootstrap.min.js[39m" "Mozilla/5.0 (X11; Linux x86_64) AppleWebKit/537.36 (KHTML, like Gecko) Chrome/48.0.2564.116 Safari/537.36"
[Fri Feb 26 2016 01:44:32 GMT+0800 (CST)] "[36mGET[39m [36m/images/marry_both.JPG-S800X800[39m" "Mozilla/5.0 (X11; Linux x86_64) AppleWebKit/537.36 (KHTML, like Gecko) Chrome/48.0.2564.116 Safari/537.36"
[Fri Feb 26 2016 01:46:57 GMT+0800 (CST)] "[36mGET[39m [36m/css/bootstrap.min.css[39m" "Mozilla/5.0 (X11; Linux x86_64) AppleWebKit/537.36 (KHTML, like Gecko) Chrome/48.0.2564.116 Safari/537.36"
[Fri Feb 26 2016 01:46:57 GMT+0800 (CST)] "[36mGET[39m [36m/fonts/font-awesome.min.css[39m" "Mozilla/5.0 (X11; Linux x86_64) AppleWebKit/537.36 (KHTML, like Gecko) Chrome/48.0.2564.116 Safari/537.36"
[Fri Feb 26 2016 01:46:57 GMT+0800 (CST)] "[36mGET[39m [36m/css/main.css[39m" "Mozilla/5.0 (X11; Linux x86_64) AppleWebKit/537.36 (KHTML, like Gecko) Chrome/48.0.2564.116 Safari/537.36"
[Fri Feb 26 2016 01:46:57 GMT+0800 (CST)] "[36mGET[39m [36m/js/jquery-1.12.1.min.js[39m" "Mozilla/5.0 (X11; Linux x86_64) AppleWebKit/537.36 (KHTML, like Gecko) Chrome/48.0.2564.116 Safari/537.36"
[Fri Feb 26 2016 01:46:57 GMT+0800 (CST)] "[36mGET[39m [36m/js/bootstrap.min.js[39m" "Mozilla/5.0 (X11; Linux x86_64) AppleWebKit/537.36 (KHTML, like Gecko) Chrome/48.0.2564.116 Safari/537.36"
[Fri Feb 26 2016 01:46:57 GMT+0800 (CST)] "[36mGET[39m [36m/images/marry_both.JPG-S800X800[39m" "Mozilla/5.0 (X11; Linux x86_64) AppleWebKit/537.36 (KHTML, like Gecko) Chrome/48.0.2564.116 Safari/537.36"
[Fri Feb 26 2016 01:47:30 GMT+0800 (CST)] "[36mGET[39m [36m/css/bootstrap.min.css[39m" "Mozilla/5.0 (X11; Linux x86_64) AppleWebKit/537.36 (KHTML, like Gecko) Chrome/48.0.2564.116 Safari/537.36"
[Fri Feb 26 2016 01:47:30 GMT+0800 (CST)] "[36mGET[39m [36m/fonts/font-awesome.min.css[39m" "Mozilla/5.0 (X11; Linux x86_64) AppleWebKit/537.36 (KHTML, like Gecko) Chrome/48.0.2564.116 Safari/537.36"
[Fri Feb 26 2016 01:47:30 GMT+0800 (CST)] "[36mGET[39m [36m/css/main.css[39m" "Mozilla/5.0 (X11; Linux x86_64) AppleWebKit/537.36 (KHTML, like Gecko) Chrome/48.0.2564.116 Safari/537.36"
[Fri Feb 26 2016 01:47:30 GMT+0800 (CST)] "[36mGET[39m [36m/js/jquery-1.12.1.min.js[39m" "Mozilla/5.0 (X11; Linux x86_64) AppleWebKit/537.36 (KHTML, like Gecko) Chrome/48.0.2564.116 Safari/537.36"
[Fri Feb 26 2016 01:47:30 GMT+0800 (CST)] "[36mGET[39m [36m/js/bootstrap.min.js[39m" "Mozilla/5.0 (X11; Linux x86_64) AppleWebKit/537.36 (KHTML, like Gecko) Chrome/48.0.2564.116 Safari/537.36"
[Fri Feb 26 2016 01:47:30 GMT+0800 (CST)] "[36mGET[39m [36m/images/marry_both.JPG-S800X800[39m" "Mozilla/5.0 (X11; Linux x86_64) AppleWebKit/537.36 (KHTML, like Gecko) Chrome/48.0.2564.116 Safari/537.36"
[Fri Feb 26 2016 01:50:42 GMT+0800 (CST)] "[36mGET[39m [36m/css/bootstrap.min.css[39m" "Mozilla/5.0 (X11; Linux x86_64) AppleWebKit/537.36 (KHTML, like Gecko) Chrome/48.0.2564.116 Safari/537.36"
[Fri Feb 26 2016 01:50:42 GMT+0800 (CST)] "[36mGET[39m [36m/fonts/font-awesome.min.css[39m" "Mozilla/5.0 (X11; Linux x86_64) AppleWebKit/537.36 (KHTML, like Gecko) Chrome/48.0.2564.116 Safari/537.36"
[Fri Feb 26 2016 01:50:42 GMT+0800 (CST)] "[36mGET[39m [36m/css/main.css[39m" "Mozilla/5.0 (X11; Linux x86_64) AppleWebKit/537.36 (KHTML, like Gecko) Chrome/48.0.2564.116 Safari/537.36"
[Fri Feb 26 2016 01:50:42 GMT+0800 (CST)] "[36mGET[39m [36m/js/jquery-1.12.1.min.js[39m" "Mozilla/5.0 (X11; Linux x86_64) AppleWebKit/537.36 (KHTML, like Gecko) Chrome/48.0.2564.116 Safari/537.36"
[Fri Feb 26 2016 01:50:42 GMT+0800 (CST)] "[36mGET[39m [36m/js/bootstrap.min.js[39m" "Mozilla/5.0 (X11; Linux x86_64) AppleWebKit/537.36 (KHTML, like Gecko) Chrome/48.0.2564.116 Safari/537.36"
[Fri Feb 26 2016 01:50:42 GMT+0800 (CST)] "[36mGET[39m [36m/images/marry_both.JPG-S800X800[39m" "Mozilla/5.0 (X11; Linux x86_64) AppleWebKit/537.36 (KHTML, like Gecko) Chrome/48.0.2564.116 Safari/537.36"
[Fri Feb 26 2016 01:51:35 GMT+0800 (CST)] "[36mGET[39m [36m/css/bootstrap.min.css[39m" "Mozilla/5.0 (X11; Linux x86_64) AppleWebKit/537.36 (KHTML, like Gecko) Chrome/48.0.2564.116 Safari/537.36"
[Fri Feb 26 2016 01:51:35 GMT+0800 (CST)] "[36mGET[39m [36m/fonts/font-awesome.min.css[39m" "Mozilla/5.0 (X11; Linux x86_64) AppleWebKit/537.36 (KHTML, like Gecko) Chrome/48.0.2564.116 Safari/537.36"
[Fri Feb 26 2016 01:51:35 GMT+0800 (CST)] "[36mGET[39m [36m/css/main.css[39m" "Mozilla/5.0 (X11; Linux x86_64) AppleWebKit/537.36 (KHTML, like Gecko) Chrome/48.0.2564.116 Safari/537.36"
[Fri Feb 26 2016 01:51:35 GMT+0800 (CST)] "[36mGET[39m [36m/js/jquery-1.12.1.min.js[39m" "Mozilla/5.0 (X11; Linux x86_64) AppleWebKit/537.36 (KHTML, like Gecko) Chrome/48.0.2564.116 Safari/537.36"
[Fri Feb 26 2016 01:51:35 GMT+0800 (CST)] "[36mGET[39m [36m/js/bootstrap.min.js[39m" "Mozilla/5.0 (X11; Linux x86_64) AppleWebKit/537.36 (KHTML, like Gecko) Chrome/48.0.2564.116 Safari/537.36"
[Fri Feb 26 2016 01:51:35 GMT+0800 (CST)] "[36mGET[39m [36m/images/marry_both.JPG-S800X800[39m" "Mozilla/5.0 (X11; Linux x86_64) AppleWebKit/537.36 (KHTML, like Gecko) Chrome/48.0.2564.116 Safari/537.36"
[Fri Feb 26 2016 02:18:34 GMT+0800 (CST)] "[36mGET[39m [36m/css/bootstrap.min.css[39m" "Mozilla/5.0 (X11; Linux x86_64) AppleWebKit/537.36 (KHTML, like Gecko) Chrome/48.0.2564.116 Safari/537.36"
[Fri Feb 26 2016 02:18:34 GMT+0800 (CST)] "[36mGET[39m [36m/fonts/font-awesome.min.css[39m" "Mozilla/5.0 (X11; Linux x86_64) AppleWebKit/537.36 (KHTML, like Gecko) Chrome/48.0.2564.116 Safari/537.36"
[Fri Feb 26 2016 02:18:34 GMT+0800 (CST)] "[36mGET[39m [36m/css/main.css[39m" "Mozilla/5.0 (X11; Linux x86_64) AppleWebKit/537.36 (KHTML, like Gecko) Chrome/48.0.2564.116 Safari/537.36"
[Fri Feb 26 2016 02:18:34 GMT+0800 (CST)] "[36mGET[39m [36m/js/jquery-1.12.1.min.js[39m" "Mozilla/5.0 (X11; Linux x86_64) AppleWebKit/537.36 (KHTML, like Gecko) Chrome/48.0.2564.116 Safari/537.36"
[Fri Feb 26 2016 02:18:34 GMT+0800 (CST)] "[36mGET[39m [36m/js/bootstrap.min.js[39m" "Mozilla/5.0 (X11; Linux x86_64) AppleWebKit/537.36 (KHTML, like Gecko) Chrome/48.0.2564.116 Safari/537.36"
[Fri Feb 26 2016 02:18:34 GMT+0800 (CST)] "[36mGET[39m [36m/images/marry_both.JPG-S800X800[39m" "Mozilla/5.0 (X11; Linux x86_64) AppleWebKit/537.36 (KHTML, like Gecko) Chrome/48.0.2564.116 Safari/537.36"
[Fri Feb 26 2016 02:18:47 GMT+0800 (CST)] "[36mGET[39m [36m/css/bootstrap.min.css[39m" "Mozilla/5.0 (X11; Linux x86_64) AppleWebKit/537.36 (KHTML, like Gecko) Chrome/48.0.2564.116 Safari/537.36"
[Fri Feb 26 2016 02:18:47 GMT+0800 (CST)] "[36mGET[39m [36m/fonts/font-awesome.min.css[39m" "Mozilla/5.0 (X11; Linux x86_64) AppleWebKit/537.36 (KHTML, like Gecko) Chrome/48.0.2564.116 Safari/537.36"
[Fri Feb 26 2016 02:18:47 GMT+0800 (CST)] "[36mGET[39m [36m/css/main.css[39m" "Mozilla/5.0 (X11; Linux x86_64) AppleWebKit/537.36 (KHTML, like Gecko) Chrome/48.0.2564.116 Safari/537.36"
[Fri Feb 26 2016 02:18:47 GMT+0800 (CST)] "[36mGET[39m [36m/js/jquery-1.12.1.min.js[39m" "Mozilla/5.0 (X11; Linux x86_64) AppleWebKit/537.36 (KHTML, like Gecko) Chrome/48.0.2564.116 Safari/537.36"
[Fri Feb 26 2016 02:18:47 GMT+0800 (CST)] "[36mGET[39m [36m/js/bootstrap.min.js[39m" "Mozilla/5.0 (X11; Linux x86_64) AppleWebKit/537.36 (KHTML, like Gecko) Chrome/48.0.2564.116 Safari/537.36"
[Fri Feb 26 2016 02:18:47 GMT+0800 (CST)] "[36mGET[39m [36m/images/marry_both.JPG-S800X800[39m" "Mozilla/5.0 (X11; Linux x86_64) AppleWebKit/537.36 (KHTML, like Gecko) Chrome/48.0.2564.116 Safari/537.36"
[Fri Feb 26 2016 02:19:12 GMT+0800 (CST)] "[36mGET[39m [36m/css/bootstrap.min.css[39m" "Mozilla/5.0 (X11; Linux x86_64) AppleWebKit/537.36 (KHTML, like Gecko) Chrome/48.0.2564.116 Safari/537.36"
[Fri Feb 26 2016 02:19:12 GMT+0800 (CST)] "[36mGET[39m [36m/fonts/font-awesome.min.css[39m" "Mozilla/5.0 (X11; Linux x86_64) AppleWebKit/537.36 (KHTML, like Gecko) Chrome/48.0.2564.116 Safari/537.36"
[Fri Feb 26 2016 02:19:12 GMT+0800 (CST)] "[36mGET[39m [36m/css/main.css[39m" "Mozilla/5.0 (X11; Linux x86_64) AppleWebKit/537.36 (KHTML, like Gecko) Chrome/48.0.2564.116 Safari/537.36"
[Fri Feb 26 2016 02:19:12 GMT+0800 (CST)] "[36mGET[39m [36m/js/jquery-1.12.1.min.js[39m" "Mozilla/5.0 (X11; Linux x86_64) AppleWebKit/537.36 (KHTML, like Gecko) Chrome/48.0.2564.116 Safari/537.36"
[Fri Feb 26 2016 02:19:12 GMT+0800 (CST)] "[36mGET[39m [36m/js/bootstrap.min.js[39m" "Mozilla/5.0 (X11; Linux x86_64) AppleWebKit/537.36 (KHTML, like Gecko) Chrome/48.0.2564.116 Safari/537.36"
[Fri Feb 26 2016 02:19:12 GMT+0800 (CST)] "[36mGET[39m [36m/images/marry_both.JPG-S800X800[39m" "Mozilla/5.0 (X11; Linux x86_64) AppleWebKit/537.36 (KHTML, like Gecko) Chrome/48.0.2564.116 Safari/537.36"
[Fri Feb 26 2016 02:20:36 GMT+0800 (CST)] "[36mGET[39m [36m/css/bootstrap.min.css[39m" "Mozilla/5.0 (X11; Linux x86_64) AppleWebKit/537.36 (KHTML, like Gecko) Chrome/48.0.2564.116 Safari/537.36"
[Fri Feb 26 2016 02:20:36 GMT+0800 (CST)] "[36mGET[39m [36m/fonts/font-awesome.min.css[39m" "Mozilla/5.0 (X11; Linux x86_64) AppleWebKit/537.36 (KHTML, like Gecko) Chrome/48.0.2564.116 Safari/537.36"
[Fri Feb 26 2016 02:20:36 GMT+0800 (CST)] "[36mGET[39m [36m/css/main.css[39m" "Mozilla/5.0 (X11; Linux x86_64) AppleWebKit/537.36 (KHTML, like Gecko) Chrome/48.0.2564.116 Safari/537.36"
[Fri Feb 26 2016 02:20:36 GMT+0800 (CST)] "[36mGET[39m [36m/js/jquery-1.12.1.min.js[39m" "Mozilla/5.0 (X11; Linux x86_64) AppleWebKit/537.36 (KHTML, like Gecko) Chrome/48.0.2564.116 Safari/537.36"
[Fri Feb 26 2016 02:20:36 GMT+0800 (CST)] "[36mGET[39m [36m/js/bootstrap.min.js[39m" "Mozilla/5.0 (X11; Linux x86_64) AppleWebKit/537.36 (KHTML, like Gecko) Chrome/48.0.2564.116 Safari/537.36"
[Fri Feb 26 2016 02:20:36 GMT+0800 (CST)] "[36mGET[39m [36m/images/marry_both.JPG-S800X800[39m" "Mozilla/5.0 (X11; Linux x86_64) AppleWebKit/537.36 (KHTML, like Gecko) Chrome/48.0.2564.116 Safari/537.36"
